2025-07-02 19:49:05 error: Error in weatherController for openweathermap and NonExistentCity: {"error":"OpenWeatherMap API error: 404 - city not found","query":{"source":"openweathermap","city":"NonExistentCity"}}
2025-07-02 19:49:06 error: Error in earthquakeController for usgs: {"error":"USGS API error: 404 - undefined","query":{"source":"usgs","minmagnitude":"notanumber"}}
2025-07-02 19:49:08 error: Error in earthquakeController for usgs: {"error":"USGS API error: 500 - Internal Server Error","query":{"source":"usgs"}}
2025-07-02 19:49:08 error: Error in earthquakeController for usgs: {"error":"No response from USGS","query":{"source":"usgs"}}
2025-07-02 19:49:20 error: Error creating earthquake report {"error":"Operation `earthquakereports.insertOne()` buffering timed out after 10000ms","body":{"magnitude":5.2,"depth":10,"location":"Los Andes","date":"2025-07-02T23:49:10.468Z"},"user":"N/A"}
2025-07-02 19:49:31 error: Error fetching all earthquake reports {"error":"Operation `earthquakereports.countDocuments()` buffering timed out after 10000ms","query":{},"user":"N/A"}
2025-07-02 19:49:41 error: Error creating weather report {"error":"Operation `weatherreports.insertOne()` buffering timed out after 10000ms","body":{"city":"Caracas","temperature":25,"humidity":70,"condition":"Soleado"},"user":"N/A"}
2025-07-02 19:49:52 error: Error fetching all weather reports {"error":"Operation `weatherreports.countDocuments()` buffering timed out after 10000ms","query":{},"user":"N/A"}
2025-07-02 19:52:34 error: Error creating earthquake report {"error":"Operation `earthquakereports.insertOne()` buffering timed out after 10000ms","body":{"magnitude":5.2,"depth":10,"location":"Los Andes","date":"2025-07-02T23:52:24.390Z"},"user":"N/A"}
2025-07-02 19:52:45 error: Error fetching all earthquake reports {"error":"Operation `earthquakereports.countDocuments()` buffering timed out after 10000ms","query":{},"user":"N/A"}
2025-07-02 19:52:55 error: Error creating weather report {"error":"Operation `weatherreports.insertOne()` buffering timed out after 10000ms","body":{"city":"Caracas","temperature":25,"humidity":70,"condition":"Soleado"},"user":"N/A"}
2025-07-02 19:53:06 error: Error fetching all weather reports {"error":"Operation `weatherreports.countDocuments()` buffering timed out after 10000ms","query":{},"user":"N/A"}
2025-07-02 19:53:08 error: Error in weatherController for openweathermap and NonExistentCity: {"error":"OpenWeatherMap API error: 404 - city not found","query":{"source":"openweathermap","city":"NonExistentCity"}}
2025-07-02 19:53:08 error: Error in earthquakeController for usgs: {"error":"USGS API error: 404 - undefined","query":{"source":"usgs","minmagnitude":"notanumber"}}
2025-07-02 19:53:09 error: Error in earthquakeController for usgs: {"error":"USGS API error: 500 - Internal Server Error","query":{"source":"usgs"}}
2025-07-02 19:53:09 error: Error in earthquakeController for usgs: {"error":"No response from USGS","query":{"source":"usgs"}}
2025-07-02 20:43:54 error: Error in weatherController for openweathermap and London: {"error":"OpenWeatherMap API error: 401 - Invalid API key. Please see https://openweathermap.org/faq#error401 for more info.","query":{"source":"openweathermap","city":"London"}}
2025-07-05 15:48:20 error: Error in weatherController for openweathermap and London: {"error":"OpenWeatherMap API error: 401 - Invalid API key. Please see https://openweathermap.org/faq#error401 for more info.","query":{"source":"openweathermap","city":"London"}}
2025-07-05 20:50:09 error: Error in weatherController for weatherapi and London: {"error":"WeatherAPI API error: 401 - API key is invalid or not provided.","query":{"source":"weatherapi","city":"London"}}
2025-07-05 20:50:11 error: Error in weatherController for weatherapi and London: {"error":"WeatherAPI API error: 401 - API key is invalid or not provided.","query":{"source":"weatherapi","city":"London"}}
2025-07-05 20:53:49 error: Error in weatherController for weatherapi and London: {"error":"WeatherAPI API error: 401 - API key is invalid or not provided.","query":{"source":"weatherapi","city":"London"}}
2025-07-05 20:54:42 error: Error in weatherController for weatherapi and London: {"error":"WeatherAPI API error: 401 - API key is invalid or not provided.","query":{"source":"weatherapi","city":"London"}}
2025-07-05 20:55:59 error: Error in weatherController for weatherapi and London: {"error":"WeatherAPI API error: 401 - API key is invalid or not provided.","query":{"source":"weatherapi","city":"London"}}
2025-07-05 20:56:01 error: Error in weatherController for weatherapi and London: {"error":"WeatherAPI API error: 401 - API key is invalid or not provided.","query":{"source":"weatherapi","city":"London"}}
